# JRE version: OpenJDK Runtime Environment (Red_Hat-17.0.13.0+11-1) (17.0.13+11) (build 17.0.13+11-LTS)
# Java VM: OpenJDK 64-Bit Server VM (Red_Hat-17.0.13.0+11-1) (17.0.13+11-LTS, mixed mode, sharing, tiered, compressed oops, compressed class ptrs, g1 gc, windows-amd64)
GC Precious Log:
 CPUs: 4 total, 4 available
 Memory: 7633M
 Large Page Support: Disabled
 NUMA Support: Disabled
 Compressed Oops: Enabled (32-bit)
 Heap Region Size: 1M
 Heap Min Capacity: 8M
 Heap Initial Capacity: 120M
 Heap Max Capacity: 1910M
 Pre-touch: Disabled
 Parallel Workers: 4
 Concurrent Workers: 1
 Concurrent Refinement Workers: 4
 Periodic GC: Disabled
Heap:
 garbage-first heap   total 128000K, used 71808K [0x0000000088a00000, 0x0000000100000000)
  region size 1024K, 2 young (2048K), 2 survivors (2048K)
 Metaspace       used 90440K, committed 91008K, reserved 557056K
  class space    used 11560K, committed 11840K, reserved 425984K
GC Heap History (20 events):
Event: 32.786 GC heap after
{Heap after GC invocations=19 (full 0):
 garbage-first heap   total 109568K, used 53137K [0x0000000088a00000, 0x0000000100000000)
  region size 1024K, 2 young (2048K), 2 survivors (2048K)
 Metaspace       used 56250K, committed 56832K, reserved 491520K
  class space    used 7938K, committed 8192K, reserved 425984K
}
Event: 34.498 GC heap before
{Heap before GC invocations=20 (full 0):
 garbage-first heap   total 109568K, used 87953K [0x0000000088a00000, 0x0000000100000000)
  region size 1024K, 35 young (35840K), 2 survivors (2048K)
 Metaspace       used 59588K, committed 60096K, reserved 491520K
  class space    used 8275K, committed 8512K, reserved 425984K
}
Event: 34.505 GC heap after
{Heap after GC invocations=21 (full 0):
 garbage-first heap   total 109568K, used 56556K [0x0000000088a00000, 0x0000000100000000)
  region size 1024K, 4 young (4096K), 4 survivors (4096K)
 Metaspace       used 59588K, committed 60096K, reserved 491520K
  class space    used 8275K, committed 8512K, reserved 425984K
}
Event: 35.853 GC heap before
{Heap before GC invocations=21 (full 0):
 garbage-first heap   total 109568K, used 88300K [0x0000000088a00000, 0x0000000100000000)
  region size 1024K, 35 young (35840K), 4 survivors (4096K)
 Metaspace       used 63386K, committed 63936K, reserved 491520K
  class space    used 8606K, committed 8896K, reserved 425984K
}
Event: 35.864 GC heap after
{Heap after GC invocations=22 (full 0):
 garbage-first heap   total 109568K, used 57974K [0x0000000088a00000, 0x0000000100000000)
  region size 1024K, 2 young (2048K), 2 survivors (2048K)
 Metaspace       used 63386K, committed 63936K, reserved 491520K
  class space    used 8606K, committed 8896K, reserved 425984K
}
Event: 38.530 GC heap before
{Heap before GC invocations=23 (full 0):
 garbage-first heap   total 109568K, used 88694K [0x0000000088a00000, 0x0000000100000000)
  region size 1024K, 32 young (32768K), 2 survivors (2048K)
 Metaspace       used 66717K, committed 67264K, reserved 491520K
  class space    used 9015K, committed 9280K, reserved 425984K
}
Event: 38.541 GC heap after
{Heap after GC invocations=24 (full 0):
 garbage-first heap   total 109568K, used 59838K [0x0000000088a00000, 0x0000000100000000)
  region size 1024K, 4 young (4096K), 4 survivors (4096K)
 Metaspace       used 66717K, committed 67264K, reserved 491520K
  class space    used 9015K, committed 9280K, reserved 425984K
}
Event: 40.233 GC heap before
{Heap before GC invocations=24 (full 0):
 garbage-first heap   total 109568K, used 83390K [0x0000000088a00000, 0x0000000100000000)
  region size 1024K, 28 young (28672K), 4 survivors (4096K)
 Metaspace       used 70258K, committed 70784K, reserved 491520K
  class space    used 9469K, committed 9728K, reserved 425984K
}
Event: 40.248 GC heap after
{Heap after GC invocations=25 (full 0):
 garbage-first heap   total 109568K, used 61018K [0x0000000088a00000, 0x0000000100000000)
  region size 1024K, 4 young (4096K), 4 survivors (4096K)
 Metaspace       used 70258K, committed 70784K, reserved 491520K
  class space    used 9469K, committed 9728K, reserved 425984K
}
Event: 41.870 GC heap before
{Heap before GC invocations=26 (full 0):
 garbage-first heap   total 124928K, used 91738K [0x0000000088a00000, 0x0000000100000000)
  region size 1024K, 33 young (33792K), 4 survivors (4096K)
 Metaspace       used 70929K, committed 71424K, reserved 491520K
  class space    used 9543K, committed 9792K, reserved 425984K
}
Event: 41.890 GC heap after
{Heap after GC invocations=27 (full 0):
 garbage-first heap   total 124928K, used 62510K [0x0000000088a00000, 0x0000000100000000)
  region size 1024K, 3 young (3072K), 3 survivors (3072K)
 Metaspace       used 70929K, committed 71424K, reserved 491520K
  class space    used 9543K, committed 9792K, reserved 425984K
}
Event: 44.128 GC heap before
{Heap before GC invocations=27 (full 0):
 garbage-first heap   total 124928K, used 101422K [0x0000000088a00000, 0x0000000100000000)
  region size 1024K, 41 young (41984K), 3 survivors (3072K)
 Metaspace       used 72936K, committed 73408K, reserved 491520K
  class space    used 9747K, committed 9984K, reserved 425984K
}
Event: 44.144 GC heap after
{Heap after GC invocations=28 (full 0):
 garbage-first heap   total 124928K, used 65961K [0x0000000088a00000, 0x0000000100000000)
  region size 1024K, 6 young (6144K), 6 survivors (6144K)
 Metaspace       used 72936K, committed 73408K, reserved 491520K
  class space    used 9747K, committed 9984K, reserved 425984K
}
Event: 46.403 GC heap before
{Heap before GC invocations=29 (full 0):
 garbage-first heap   total 124928K, used 101801K [0x0000000088a00000, 0x0000000100000000)
  region size 1024K, 41 young (41984K), 6 survivors (6144K)
 Metaspace       used 77268K, committed 77824K, reserved 557056K
  class space    used 10197K, committed 10432K, reserved 425984K
}
Event: 46.421 GC heap after
{Heap after GC invocations=30 (full 0):
 garbage-first heap   total 124928K, used 68120K [0x0000000088a00000, 0x0000000100000000)
  region size 1024K, 3 young (3072K), 3 survivors (3072K)
 Metaspace       used 77268K, committed 77824K, reserved 557056K
  class space    used 10197K, committed 10432K, reserved 425984K
}
Event: 48.052 GC heap before
{Heap before GC invocations=30 (full 0):
 garbage-first heap   total 124928K, used 101912K [0x0000000088a00000, 0x0000000100000000)
  region size 1024K, 36 young (36864K), 3 survivors (3072K)
 Metaspace       used 80882K, committed 81408K, reserved 557056K
  class space    used 10582K, committed 10816K, reserved 425984K
}
Event: 48.063 GC heap after
{Heap after GC invocations=31 (full 0):
 garbage-first heap   total 124928K, used 70200K [0x0000000088a00000, 0x0000000100000000)
  region size 1024K, 5 young (5120K), 5 survivors (5120K)
 Metaspace       used 80882K, committed 81408K, reserved 557056K
  class space    used 10582K, committed 10816K, reserved 425984K
}
Event: 49.490 GC heap before
{Heap before GC invocations=32 (full 0):
 garbage-first heap   total 128000K, used 101944K [0x0000000088a00000, 0x0000000100000000)
  region size 1024K, 36 young (36864K), 5 survivors (5120K)
 Metaspace       used 85185K, committed 85696K, reserved 557056K
  class space    used 11023K, committed 11264K, reserved 425984K
}
Event: 49.503 GC heap after
{Heap after GC invocations=33 (full 0):
 garbage-first heap   total 128000K, used 71223K [0x0000000088a00000, 0x0000000100000000)
  region size 1024K, 2 young (2048K), 2 survivors (2048K)
 Metaspace       used 85185K, committed 85696K, reserved 557056K
  class space    used 11023K, committed 11264K, reserved 425984K
}
Event: 51.442 GC heap before
{Heap before GC invocations=33 (full 0):
 garbage-first heap   total 128000K, used 106039K [0x0000000088a00000, 0x0000000100000000)
  region size 1024K, 36 young (36864K), 2 survivors (2048K)
 Metaspace       used 90440K, committed 91008K, reserved 557056K
  class space    used 11560K, committed 11840K, reserved 425984K
}

